2022-04-13 00:46:13.245  INFO 19032 --- [main] c.n.springweb.ProductrestapiApplication  : Starting ProductrestapiApplication using Java 11.0.13 on DESKTOP-9S18N88 with PID 19032 (C:\Users\91911\Navneet\SpringBootProject\workspace\productrestapi\target\classes started by 91911 in C:\Users\91911\Navneet\SpringBootProject\workspace\productrestapi)
2022-04-13 00:46:13.277  INFO 19032 --- [main] c.n.springweb.ProductrestapiApplication  : No active profile set, falling back to 1 default profile: "default"
2022-04-13 00:46:16.276  INFO 19032 --- [main] .s.d.r.c.RepositoryConfigurationDelegate : Bootstrapping Spring Data JPA repositories in DEFAULT mode.
2022-04-13 00:46:16.377  INFO 19032 --- [main] .s.d.r.c.RepositoryConfigurationDelegate : Finished Spring Data repository scanning in 82 ms. Found 1 JPA repository interfaces.
2022-04-13 00:46:17.509  INFO 19032 --- [main] org.eclipse.jetty.util.log               : Logging initialized @33207ms to org.eclipse.jetty.util.log.Slf4jLog
2022-04-13 00:46:17.959  INFO 19032 --- [main] o.s.b.w.e.j.JettyServletWebServerFactory : Server initialized with port: 8080
2022-04-13 00:46:17.965  INFO 19032 --- [main] org.eclipse.jetty.server.Server          : jetty-9.4.45.v20220203; built: 2022-02-03T09:14:34.105Z; git: 4a0c91c0be53805e3fcffdcdcc9587d5301863db; jvm 11.0.13+10-LTS-370
2022-04-13 00:46:18.028  INFO 19032 --- [main] o.e.j.s.h.ContextHandler.application     : Initializing Spring embedded WebApplicationContext
2022-04-13 00:46:18.029  INFO 19032 --- [main] w.s.c.ServletWebServerApplicationContext : Root WebApplicationContext: initialization completed in 4494 ms
2022-04-13 00:46:18.620  INFO 19032 --- [main] org.eclipse.jetty.server.session         : DefaultSessionIdManager workerName=node0
2022-04-13 00:46:18.620  INFO 19032 --- [main] org.eclipse.jetty.server.session         : No SessionScavenger set, using defaults
2022-04-13 00:46:18.625  INFO 19032 --- [main] org.eclipse.jetty.server.session         : node0 Scavenging every 660000ms
2022-04-13 00:46:18.645  INFO 19032 --- [main] o.e.jetty.server.handler.ContextHandler  : Started o.s.b.w.e.j.JettyEmbeddedWebAppContext@49fdbe2b{application,/productapi,[file:///C:/Users/91911/AppData/Local/Temp/jetty-docbase.8080.12171578911850371868/],AVAILABLE}
2022-04-13 00:46:18.657  INFO 19032 --- [main] org.eclipse.jetty.server.Server          : Started @34357ms
2022-04-13 00:46:18.876  INFO 19032 --- [main] com.zaxxer.hikari.HikariDataSource       : HikariPool-1 - Starting...
2022-04-13 00:46:19.912  INFO 19032 --- [main] com.zaxxer.hikari.HikariDataSource       : HikariPool-1 - Start completed.
2022-04-13 00:46:20.080  INFO 19032 --- [main] o.hibernate.jpa.internal.util.LogHelper  : HHH000204: Processing PersistenceUnitInfo [name: default]
2022-04-13 00:46:20.278  INFO 19032 --- [main] org.hibernate.Version                    : HHH000412: Hibernate ORM core version 5.6.7.Final
2022-04-13 00:46:20.805  INFO 19032 --- [main] o.hibernate.annotations.common.Version   : HCANN000001: Hibernate Commons Annotations {5.1.2.Final}
2022-04-13 00:46:21.111  INFO 19032 --- [main] org.hibernate.dialect.Dialect            : HHH000400: Using dialect: org.hibernate.dialect.MySQL8Dialect
2022-04-13 00:46:22.355  INFO 19032 --- [main] o.h.e.t.j.p.i.JtaPlatformInitiator       : HHH000490: Using JtaPlatform implementation: [org.hibernate.engine.transaction.jta.platform.internal.NoJtaPlatform]
2022-04-13 00:46:22.393  INFO 19032 --- [main] j.LocalContainerEntityManagerFactoryBean : Initialized JPA EntityManagerFactory for persistence unit 'default'
2022-04-13 00:46:22.855  WARN 19032 --- [main] JpaBaseConfiguration$JpaWebConfiguration : spring.jpa.open-in-view is enabled by default. Therefore, database queries may be performed during view rendering. Explicitly configure spring.jpa.open-in-view to disable this warning
2022-04-13 00:46:23.693  WARN 19032 --- [main] .s.s.UserDetailsServiceAutoConfiguration : 

Using generated security password: 0e02f879-2284-4969-a0f7-7e79b0ef1abd

This generated password is for development use only. Your security configuration must be updated before running your application in production.

2022-04-13 00:46:23.950  INFO 19032 --- [main] o.s.b.a.e.web.EndpointLinksResolver      : Exposing 14 endpoint(s) beneath base path '/actuator'
2022-04-13 00:46:23.987  INFO 19032 --- [main] o.s.s.web.DefaultSecurityFilterChain     : Will not secure any request
2022-04-13 00:46:24.155  INFO 19032 --- [main] o.e.j.s.h.ContextHandler.application     : Initializing Spring DispatcherServlet 'dispatcherServlet'
2022-04-13 00:46:24.156  INFO 19032 --- [main] o.s.web.servlet.DispatcherServlet        : Initializing Servlet 'dispatcherServlet'
2022-04-13 00:46:24.158  INFO 19032 --- [main] o.s.web.servlet.DispatcherServlet        : Completed initialization in 1 ms
2022-04-13 00:46:24.199  INFO 19032 --- [main] o.e.jetty.server.AbstractConnector       : Started ServerConnector@568750b7{HTTP/1.1, (http/1.1)}{0.0.0.0:8080}
2022-04-13 00:46:24.202  INFO 19032 --- [main] o.s.b.web.embedded.jetty.JettyWebServer  : Jetty started on port(s) 8080 (http/1.1) with context path '/productapi'
2022-04-13 00:46:24.233  INFO 19032 --- [main] c.n.springweb.ProductrestapiApplication  : Started ProductrestapiApplication in 12.845 seconds (JVM running for 39.933)
2022-04-13 00:59:55.060  WARN 19032 --- [HikariPool-1 housekeeper] com.zaxxer.hikari.pool.HikariPool        : HikariPool-1 - Thread starvation or clock leap detected (housekeeper delta=3m4s848ms995µs400ns).
2022-04-13 01:16:10.854  WARN 19032 --- [HikariPool-1 housekeeper] com.zaxxer.hikari.pool.HikariPool        : HikariPool-1 - Thread starvation or clock leap detected (housekeeper delta=6m15s646ms315µs800ns).
